c:\users\gancu\documents\projekt\przychodnia-pk4\model przychodni\x64\debug\vc141.pdb
c:\users\gancu\documents\projekt\przychodnia-pk4\model przychodni\x64\debug\vc141.idb
c:\users\gancu\documents\projekt\przychodnia-pk4\model przychodni\x64\debug\adres.sbr
c:\users\gancu\documents\projekt\przychodnia-pk4\model przychodni\x64\debug\interfejs.sbr
c:\users\gancu\documents\projekt\przychodnia-pk4\model przychodni\x64\debug\lekarz.sbr
c:\users\gancu\documents\projekt\przychodnia-pk4\model przychodni\x64\debug\lekarzlista.sbr
c:\users\gancu\documents\projekt\przychodnia-pk4\model przychodni\x64\debug\main.sbr
c:\users\gancu\documents\projekt\przychodnia-pk4\model przychodni\x64\debug\osoba.sbr
c:\users\gancu\documents\projekt\przychodnia-pk4\model przychodni\x64\debug\pacjent.sbr
c:\users\gancu\documents\projekt\przychodnia-pk4\model przychodni\x64\debug\przychodnia.sbr
c:\users\gancu\documents\projekt\przychodnia-pk4\model przychodni\x64\debug\przychodnia.obj
c:\users\gancu\documents\projekt\przychodnia-pk4\model przychodni\x64\debug\pacjent.obj
c:\users\gancu\documents\projekt\przychodnia-pk4\model przychodni\x64\debug\osoba.obj
c:\users\gancu\documents\projekt\przychodnia-pk4\model przychodni\x64\debug\main.obj
c:\users\gancu\documents\projekt\przychodnia-pk4\model przychodni\x64\debug\lekarzlista.obj
c:\users\gancu\documents\projekt\przychodnia-pk4\model przychodni\x64\debug\lekarz.obj
c:\users\gancu\documents\projekt\przychodnia-pk4\model przychodni\x64\debug\interfejs.obj
c:\users\gancu\documents\projekt\przychodnia-pk4\model przychodni\x64\debug\adres.obj
c:\users\gancu\documents\projekt\przychodnia-pk4\x64\debug\baza danych - przychodnia.exe
c:\users\gancu\documents\projekt\przychodnia-pk4\x64\debug\baza danych - przychodnia.ilk
c:\users\gancu\documents\projekt\przychodnia-pk4\x64\debug\baza danych - przychodnia.pdb
c:\users\gancu\documents\projekt\przychodnia-pk4\x64\debug\baza danych - przychodnia.bsc
c:\users\gancu\documents\projekt\przychodnia-pk4\model przychodni\x64\debug\baza dan.e8f15ff5.tlog\bscmake.command.1.tlog
c:\users\gancu\documents\projekt\przychodnia-pk4\model przychodni\x64\debug\baza dan.e8f15ff5.tlog\bscmake.read.1.tlog
c:\users\gancu\documents\projekt\przychodnia-pk4\model przychodni\x64\debug\baza dan.e8f15ff5.tlog\cl.command.1.tlog
c:\users\gancu\documents\projekt\przychodnia-pk4\model przychodni\x64\debug\baza dan.e8f15ff5.tlog\cl.read.1.tlog
c:\users\gancu\documents\projekt\przychodnia-pk4\model przychodni\x64\debug\baza dan.e8f15ff5.tlog\cl.write.1.tlog
c:\users\gancu\documents\projekt\przychodnia-pk4\model przychodni\x64\debug\baza dan.e8f15ff5.tlog\link.command.1.tlog
c:\users\gancu\documents\projekt\przychodnia-pk4\model przychodni\x64\debug\baza dan.e8f15ff5.tlog\link.read.1.tlog
c:\users\gancu\documents\projekt\przychodnia-pk4\model przychodni\x64\debug\baza dan.e8f15ff5.tlog\link.write.1.tlog
